CONSOLE: App initialized
CONSOLE: Successfully loaded and parsed data from SCHOOL_LIST_AS_AT_JANUARY_2025 1,026.csv.
CONSOLE: Successfully loaded and parsed data from SPECIAL SCHOOLS AND INCLUSIVE UNITS1.csv.
CONSOLE: Successfully loaded and parsed data from LIST OF VOCATIONAL CENTRES.csv.
CONSOLE: Successfully loaded and parsed data from combo.csv.
CONSOLE: Login attempt: admin password123
Traceback (most recent call last):
  File "/app/jules-scratch/verification/verify_collapsible_sections.py", line 44, in <module>
    run_verification(playwright)
  File "/app/jules-scratch/verification/verify_collapsible_sections.py", line 36, in run_verification
    expect(header).to_contain_text('▶️')
  File "/home/jules/.pyenv/versions/3.12.11/lib/python3.12/site-packages/playwright/sync_api/_generated.py", line 19191, in to_contain_text
    self._sync(
  File "/home/jules/.pyenv/versions/3.12.11/lib/python3.12/site-packages/playwright/_impl/_sync_base.py", line 115, in _sync
    return task.result()
           ^^^^^^^^^^^^^
  File "/home/jules/.pyenv/versions/3.12.11/lib/python3.12/site-packages/playwright/_impl/_assertions.py", line 227, in to_contain_text
    await self._expect_impl(
  File "/home/jules/.pyenv/versions/3.12.11/lib/python3.12/site-packages/playwright/_impl/_assertions.py", line 83, in _expect_impl
    raise AssertionError(
AssertionError: Locator expected to contain text '▶️'
Actual value: Section A: Bio Data 🔽
Call log:
  - Expect "to_contain_text" with timeout 5000ms
  - waiting for locator("[id=\"sectionAHeader_1.2\"]")
    9 × locator resolved to <h4 id="sectionAHeader_1.2" onclick="toggleSection('sectionAContent_1.2', 'sectionAHeader_1.2')">Section A: Bio Data 🔽</h4>
      - unexpected value "Section A: Bio Data 🔽"
